{
  "stats": {
    "suites": 1,
    "tests": 1,
    "passes": 0,
    "pending": 0,
    "failures": 1,
    "start": "2024-10-13T18:01:40.688Z",
    "end": "2024-10-13T18:01:41.186Z",
    "duration": 498,
    "testsRegistered": 2,
    "passPercent": 0,
    "pendingPercent": 0,
    "other": 0,
    "hasOther": false,
    "skipped": 1,
    "hasSkipped": true
  },
  "results": [
    {
      "uuid": "5436e970-e17a-4721-8036-f19b96388430",
      "title": "",
      "fullFile": "cypress\\integration\\examples\\BDD\\ecommerce.feature",
      "file": "cypress\\integration\\examples\\BDD\\ecommerce.feature",
      "beforeHooks": [],
      "afterHooks": [],
      "tests": [],
      "suites": [
        {
          "uuid": "aa57561d-368b-495c-8d24-a089c14d5fdc",
          "title": "End to End Ecommerce Validation",
          "fullFile": "",
          "file": "",
          "beforeHooks": [],
          "afterHooks": [],
          "tests": [
            {
              "title": "Ecommerce products delivery",
              "fullTitle": "End to End Ecommerce Validation Ecommerce products delivery",
              "timedOut": null,
              "duration": 422,
              "state": "failed",
              "speed": null,
              "pass": false,
              "fail": true,
              "pending": false,
              "context": "{\n  \"title\": \"cypress-mochawesome-reporter-screenshots\",\n  \"value\": [\n    [\n      \"\\\\ecommerce.feature\\\\End to End Ecommerce Validation -- Ecommerce products delivery -- before all hook (failed).png\"\n    ]\n  ]\n}",
              "code": "var _a, _b, _c, _d, _e;\n/**\n * This must always be true, otherwise something is off.\n */\n(0, assertions_1.assert)(context.includedPickles[0].id === pickle.id, \"Included pickle stack is unsynchronized\");\nconst { remainingSteps, testCaseStartedId } = retrieveInternalSpecProperties();\ntaskTestCaseStarted(context, {\n    id: testCaseStartedId,\n    testCaseId,\n    attempt: attempt++,\n    timestamp: (0, messages_1.createTimestamp)(),\n});\nwindow.testState = {\n    gherkinDocument,\n    pickles,\n    pickle,\n};\nconst onAfterStep = (options) => {\n    var _a, _b, _c;\n    const { testStepId, start, result } = options;\n    const end = (0, messages_1.createTimestamp)();\n    if (result === \"pending\" || result === \"skipped\") {\n        if (result === \"pending\") {\n            taskTestStepFinished(context, {\n                testStepId,\n                testCaseStartedId,\n                testStepResult: {\n                    status: messages.TestStepResultStatus.PENDING,\n                    duration: (0, messages_1.duration)(start, end),\n                },\n                timestamp: end,\n            });\n        }\n        else {\n            taskTestStepFinished(context, {\n                testStepId,\n                testCaseStartedId,\n                testStepResult: {\n                    status: messages.TestStepResultStatus.SKIPPED,\n                    duration: (0, messages_1.duration)(start, end),\n                },\n                timestamp: end,\n            });\n        }\n        remainingSteps.shift();\n        for (const skippedStep of remainingSteps) {\n            const hookIdOrPickleStepId = (0, assertions_1.assertAndReturn)((_b = (_a = skippedStep.hook) === null || _a === void 0 ? void 0 : _a.id) !== null && _b !== void 0 ? _b : (_c = skippedStep.pickleStep) === null || _c === void 0 ? void 0 : _c.id, \"Expected a step to either be a hook or a pickleStep\");\n            const testStepId = getTestStepId({\n                context,\n                pickleId: pickle.id,\n                hookIdOrPickleStepId,\n            });\n            taskTestStepStarted(context, {\n                testStepId,\n                testCaseStartedId,\n                timestamp: (0, messages_1.createTimestamp)(),\n            });\n            taskTestStepFinished(context, {\n                testStepId,\n                testCaseStartedId,\n                testStepResult: {\n                    status: messages.TestStepResultStatus.SKIPPED,\n                    duration: {\n                        seconds: 0,\n                        nanos: 0,\n                    },\n                },\n                timestamp: (0, messages_1.createTimestamp)(),\n            });\n        }\n        for (let i = 0, count = remainingSteps.length; i < count; i++) {\n            remainingSteps.pop();\n        }\n        cy.then(() => this.skip());\n    }\n    else {\n        taskTestStepFinished(context, {\n            testStepId,\n            testCaseStartedId,\n            testStepResult: {\n                status: messages.TestStepResultStatus.PASSED,\n                duration: (0, messages_1.duration)(start, end),\n            },\n            timestamp: end,\n        });\n        remainingSteps.shift();\n    }\n};\nfor (const step of steps) {\n    if (step.hook) {\n        const hook = step.hook;\n        const testStepId = getTestStepId({\n            context,\n            pickleId: pickle.id,\n            hookIdOrPickleStepId: hook.id,\n        });\n        cy.then(() => {\n            delete window.testState.pickleStep;\n            const start = (0, messages_1.createTimestamp)();\n            internalProperties.currentStepStartedAt = start;\n            taskTestStepStarted(context, {\n                testStepId,\n                testCaseStartedId,\n                timestamp: start,\n            });\n            return cy.wrap(start, { log: false });\n        })\n            .then((start) => {\n            const options = {\n                pickle,\n                gherkinDocument,\n                testCaseStartedId,\n            };\n            return (0, cypress_1.runStepWithLogGroup)({\n                fn: dryRun\n                    ? noopFn\n                    : () => registry.runCaseHook(this, hook, options),\n                keyword: hook.keyword,\n                text: createStepDescription(hook),\n            }).then((result) => {\n                return { start, result };\n            });\n        })\n            .then(({ start, result }) => onAfterStep({ start, result, testStepId }));\n    }\n    else if (step.pickleStep) {\n        const pickleStep = step.pickleStep;\n        const testStepId = getTestStepId({\n            context,\n            pickleId: pickle.id,\n            hookIdOrPickleStepId: pickleStep.id,\n        });\n        const text = (0, assertions_1.assertAndReturn)(pickleStep.text, \"Expected pickle step to have a text\");\n        const scenarioStep = (0, assertions_1.assertAndReturn)(context.astIdsMap.get((0, assertions_1.assertAndReturn)((_a = pickleStep.astNodeIds) === null || _a === void 0 ? void 0 : _a[0], \"Expected to find at least one astNodeId\")), `Expected to find scenario step associated with id = ${(_b = pickleStep.astNodeIds) === null || _b === void 0 ? void 0 : _b[0]}`);\n        const argument = ((_c = pickleStep.argument) === null || _c === void 0 ? void 0 : _c.dataTable)\n            ? new data_table_1.default(pickleStep.argument.dataTable)\n            : ((_e = (_d = pickleStep.argument) === null || _d === void 0 ? void 0 : _d.docString) === null || _e === void 0 ? void 0 : _e.content)\n                ? pickleStep.argument.docString.content\n                : undefined;\n        cy.then(() => {\n            window.testState.pickleStep = step.pickleStep;\n            const start = (0, messages_1.createTimestamp)();\n            internalProperties.currentStep = { pickleStep };\n            internalProperties.currentStepStartedAt = start;\n            taskTestStepStarted(context, {\n                testStepId,\n                testCaseStartedId,\n                timestamp: start,\n            });\n            return cy.wrap(start, { log: false });\n        })\n            .then((start) => {\n            const beforeStepHooks = registry.resolveBeforeStepHooks(tags);\n            const afterStepHooks = registry.resolveAfterStepHooks(tags);\n            const options = {\n                pickle,\n                pickleStep,\n                gherkinDocument,\n                testCaseStartedId,\n                testStepId,\n            };\n            const beforeHooksChain = beforeStepHooks.reduce((chain, beforeStepHook) => {\n                return chain.then(() => (0, cypress_1.runStepWithLogGroup)({\n                    keyword: \"BeforeStep\",\n                    text: createStepDescription(beforeStepHook),\n                    fn: dryRun\n                        ? noopFn\n                        : () => registry.runStepHook(this, beforeStepHook, options),\n                }));\n            }, cy.wrap({}, { log: false }));\n            return beforeHooksChain.then(() => {\n                try {\n                    return (0, cypress_1.runStepWithLogGroup)({\n                        keyword: (0, assertions_1.assertAndReturn)(\"keyword\" in scenarioStep && scenarioStep.keyword, \"Expected to find a keyword in the scenario step\"),\n                        argument,\n                        text,\n                        fn: () => registry.runStepDefininition(this, text, dryRun, argument),\n                    }).then((result) => {\n                        return afterStepHooks\n                            .reduce((chain, afterStepHook) => {\n                            return chain.then(() => (0, cypress_1.runStepWithLogGroup)({\n                                keyword: \"AfterStep\",\n                                text: createStepDescription(afterStepHook),\n                                fn: dryRun\n                                    ? noopFn\n                                    : () => registry.runStepHook(this, afterStepHook, options),\n                            }));\n                        }, cy.wrap({}, { log: false }))\n                            .then(() => {\n                            return { start, result };\n                        });\n                    });\n                }\n                catch (e) {\n                    if (e instanceof registry_1.MissingDefinitionError) {\n                        throw new Error(createMissingStepDefinitionMessage(context, pickleStep, context.registry.parameterTypeRegistry));\n                    }\n                    else {\n                        throw e;\n                    }\n                }\n            });\n        })\n            .then(({ start, result }) => onAfterStep({ start, result, testStepId }));\n    }\n}",
              "err": {
                "message": "CypressError: `cy.task('cypress-cucumber-preprocessor:spec-envelopes')` failed with the following error:\n\n> Unexpected state in specEnvelopesHandler: uninitialized. This almost always means that you or some other plugin, are overwriting this plugin's event handlers. For more information & workarounds, see https://github.com/badeball/cypress-cucumber-preprocessor/blob/master/docs/event-handlers.md (if neither workaround work, please report at https://github.com/badeball/cypress-cucumber-preprocessor)\n\nhttps://on.cypress.io/api/task\n\nBecause this error occurred during a `before all` hook we are skipping the remaining tests in the current suite: `End to End Ecommerce Valida...`",
                "estack": "CypressError: `cy.task('cypress-cucumber-preprocessor:spec-envelopes')` failed with the following error:\n\n> Unexpected state in specEnvelopesHandler: uninitialized. This almost always means that you or some other plugin, are overwriting this plugin's event handlers. For more information & workarounds, see https://github.com/badeball/cypress-cucumber-preprocessor/blob/master/docs/event-handlers.md (if neither workaround work, please report at https://github.com/badeball/cypress-cucumber-preprocessor)\n\nhttps://on.cypress.io/api/task\n\nBecause this error occurred during a `before all` hook we are skipping the remaining tests in the current suite: `End to End Ecommerce Valida...`\n    at <unknown> (http://localhost:60416/__cypress/runner/cypress_runner.js:135481:70)\n    at tryCatcher (http://localhost:60416/__cypress/runner/cypress_runner.js:1807:23)\n    at Promise._settlePromiseFromHandler (http://localhost:60416/__cypress/runner/cypress_runner.js:1519:31)\n    at Promise._settlePromise (http://localhost:60416/__cypress/runner/cypress_runner.js:1576:18)\n    at Promise._settlePromise0 (http://localhost:60416/__cypress/runner/cypress_runner.js:1621:10)\n    at Promise._settlePromises (http://localhost:60416/__cypress/runner/cypress_runner.js:1697:18)\n    at _drainQueueStep (http://localhost:60416/__cypress/runner/cypress_runner.js:2407:12)\n    at _drainQueue (http://localhost:60416/__cypress/runner/cypress_runner.js:2400:9)\n    at Async._drainQueues (http://localhost:60416/__cypress/runner/cypress_runner.js:2416:5)\n    at Async.drainQueues (http://localhost:60416/__cypress/runner/cypress_runner.js:2286:14)\nFrom Your Spec Code:\n    at taskSpecEnvelopes (node_modules/@badeball/cypress-cucumber-preprocessor/dist/browser-runtime.js:77:0)\n    at Context.beforeHandler (node_modules/@badeball/cypress-cucumber-preprocessor/dist/browser-runtime.js:580:0)\n    at Context.eval (node_modules/@badeball/cypress-cucumber-preprocessor/dist/browser-runtime.js:211:0)\n\nFrom Node.js Internals:\n  Error: Unexpected state in specEnvelopesHandler: uninitialized. This almost always means that you or some other plugin, are overwriting this plugin's event handlers. For more information & workarounds, see https://github.com/badeball/cypress-cucumber-preprocessor/blob/master/docs/event-handlers.md (if neither workaround work, please report at https://github.com/badeball/cypress-cucumber-preprocessor)\n      at createStateError (C:\\Users\\gjyli\\vscode-projects\\cypress_automation_project\\node_modules\\@badeball\\cypress-cucumber-preprocessor\\dist\\plugin-event-handlers.js:84:58)\n      at specEnvelopesHandler (C:\\Users\\gjyli\\vscode-projects\\cypress_automation_project\\node_modules\\@badeball\\cypress-cucumber-preprocessor\\dist\\plugin-event-handlers.js:428:19)\n      at invoke (C:\\Users\\gjyli\\AppData\\Local\\Cypress\\Cache\\13.14.1\\Cypress\\resources\\app\\node_modules\\@packages\\server\\lib\\plugins\\child\\run_plugins.js:248:16)\n      at <unknown> (C:\\Users\\gjyli\\AppData\\Local\\Cypress\\Cache\\13.14.1\\Cypress\\resources\\app\\node_modules\\@packages\\server\\lib\\plugins\\util.js:59:14)\n      at tryCatcher (C:\\Users\\gjyli\\AppData\\Local\\Cypress\\Cache\\13.14.1\\Cypress\\resources\\app\\node_modules\\bluebird\\js\\release\\util.js:16:23)\n      at Function.Promise.attempt.Promise.try (C:\\Users\\gjyli\\AppData\\Local\\Cypress\\Cache\\13.14.1\\Cypress\\resources\\app\\node_modules\\bluebird\\js\\release\\method.js:39:29)\n      at Object.wrapChildPromise (C:\\Users\\gjyli\\AppData\\Local\\Cypress\\Cache\\13.14.1\\Cypress\\resources\\app\\node_modules\\@packages\\server\\lib\\plugins\\util.js:58:23)\n      at RunPlugins.taskExecute (C:\\Users\\gjyli\\AppData\\Local\\Cypress\\Cache\\13.14.1\\Cypress\\resources\\app\\node_modules\\@packages\\server\\lib\\plugins\\child\\run_plugins.js:254:10)\n      at RunPlugins.execute (C:\\Users\\gjyli\\AppData\\Local\\Cypress\\Cache\\13.14.1\\Cypress\\resources\\app\\node_modules\\@packages\\server\\lib\\plugins\\child\\run_plugins.js:166:21)\n      at EventEmitter.<anonymous> (C:\\Users\\gjyli\\AppData\\Local\\Cypress\\Cache\\13.14.1\\Cypress\\resources\\app\\node_modules\\@packages\\server\\lib\\plugins\\child\\run_plugins.js:56:12)\n      at EventEmitter.emit (node:events:519:28)\n      at EventEmitter.emit (node:domain:488:12)\n      at process.<anonymous> (C:\\Users\\gjyli\\AppData\\Local\\Cypress\\Cache\\13.14.1\\Cypress\\resources\\app\\node_modules\\@packages\\server\\lib\\plugins\\util.js:33:22)\n      at process.emit (node:events:519:28)\n      at process.emit (node:domain:488:12)\n      at process.emit.sharedData.processEmitHook.installedValue [as emit] (C:\\Users\\gjyli\\AppData\\Local\\Cypress\\Cache\\13.14.1\\Cypress\\resources\\app\\node_modules\\@cspotcode\\source-map-support\\source-map-support.js:745:40)\n      at emit (node:internal/child_process:951:14)\n      at processTicksAndRejections (node:internal/process/task_queues:83:21)",
                "diff": null
              },
              "uuid": "3abbbcfa-0fb2-4961-a982-fcef6910d049",
              "parentUUID": "aa57561d-368b-495c-8d24-a089c14d5fdc",
              "isHook": false,
              "skipped": false
            },
            {
              "title": "Filling the form to shop",
              "fullTitle": "End to End Ecommerce Validation Filling the form to shop",
              "timedOut": null,
              "duration": 0,
              "state": "skipped",
              "speed": null,
              "pass": false,
              "fail": false,
              "pending": false,
              "context": null,
              "code": "var _a, _b, _c, _d, _e;\n/**\n * This must always be true, otherwise something is off.\n */\n(0, assertions_1.assert)(context.includedPickles[0].id === pickle.id, \"Included pickle stack is unsynchronized\");\nconst { remainingSteps, testCaseStartedId } = retrieveInternalSpecProperties();\ntaskTestCaseStarted(context, {\n    id: testCaseStartedId,\n    testCaseId,\n    attempt: attempt++,\n    timestamp: (0, messages_1.createTimestamp)(),\n});\nwindow.testState = {\n    gherkinDocument,\n    pickles,\n    pickle,\n};\nconst onAfterStep = (options) => {\n    var _a, _b, _c;\n    const { testStepId, start, result } = options;\n    const end = (0, messages_1.createTimestamp)();\n    if (result === \"pending\" || result === \"skipped\") {\n        if (result === \"pending\") {\n            taskTestStepFinished(context, {\n                testStepId,\n                testCaseStartedId,\n                testStepResult: {\n                    status: messages.TestStepResultStatus.PENDING,\n                    duration: (0, messages_1.duration)(start, end),\n                },\n                timestamp: end,\n            });\n        }\n        else {\n            taskTestStepFinished(context, {\n                testStepId,\n                testCaseStartedId,\n                testStepResult: {\n                    status: messages.TestStepResultStatus.SKIPPED,\n                    duration: (0, messages_1.duration)(start, end),\n                },\n                timestamp: end,\n            });\n        }\n        remainingSteps.shift();\n        for (const skippedStep of remainingSteps) {\n            const hookIdOrPickleStepId = (0, assertions_1.assertAndReturn)((_b = (_a = skippedStep.hook) === null || _a === void 0 ? void 0 : _a.id) !== null && _b !== void 0 ? _b : (_c = skippedStep.pickleStep) === null || _c === void 0 ? void 0 : _c.id, \"Expected a step to either be a hook or a pickleStep\");\n            const testStepId = getTestStepId({\n                context,\n                pickleId: pickle.id,\n                hookIdOrPickleStepId,\n            });\n            taskTestStepStarted(context, {\n                testStepId,\n                testCaseStartedId,\n                timestamp: (0, messages_1.createTimestamp)(),\n            });\n            taskTestStepFinished(context, {\n                testStepId,\n                testCaseStartedId,\n                testStepResult: {\n                    status: messages.TestStepResultStatus.SKIPPED,\n                    duration: {\n                        seconds: 0,\n                        nanos: 0,\n                    },\n                },\n                timestamp: (0, messages_1.createTimestamp)(),\n            });\n        }\n        for (let i = 0, count = remainingSteps.length; i < count; i++) {\n            remainingSteps.pop();\n        }\n        cy.then(() => this.skip());\n    }\n    else {\n        taskTestStepFinished(context, {\n            testStepId,\n            testCaseStartedId,\n            testStepResult: {\n                status: messages.TestStepResultStatus.PASSED,\n                duration: (0, messages_1.duration)(start, end),\n            },\n            timestamp: end,\n        });\n        remainingSteps.shift();\n    }\n};\nfor (const step of steps) {\n    if (step.hook) {\n        const hook = step.hook;\n        const testStepId = getTestStepId({\n            context,\n            pickleId: pickle.id,\n            hookIdOrPickleStepId: hook.id,\n        });\n        cy.then(() => {\n            delete window.testState.pickleStep;\n            const start = (0, messages_1.createTimestamp)();\n            internalProperties.currentStepStartedAt = start;\n            taskTestStepStarted(context, {\n                testStepId,\n                testCaseStartedId,\n                timestamp: start,\n            });\n            return cy.wrap(start, { log: false });\n        })\n            .then((start) => {\n            const options = {\n                pickle,\n                gherkinDocument,\n                testCaseStartedId,\n            };\n            return (0, cypress_1.runStepWithLogGroup)({\n                fn: dryRun\n                    ? noopFn\n                    : () => registry.runCaseHook(this, hook, options),\n                keyword: hook.keyword,\n                text: createStepDescription(hook),\n            }).then((result) => {\n                return { start, result };\n            });\n        })\n            .then(({ start, result }) => onAfterStep({ start, result, testStepId }));\n    }\n    else if (step.pickleStep) {\n        const pickleStep = step.pickleStep;\n        const testStepId = getTestStepId({\n            context,\n            pickleId: pickle.id,\n            hookIdOrPickleStepId: pickleStep.id,\n        });\n        const text = (0, assertions_1.assertAndReturn)(pickleStep.text, \"Expected pickle step to have a text\");\n        const scenarioStep = (0, assertions_1.assertAndReturn)(context.astIdsMap.get((0, assertions_1.assertAndReturn)((_a = pickleStep.astNodeIds) === null || _a === void 0 ? void 0 : _a[0], \"Expected to find at least one astNodeId\")), `Expected to find scenario step associated with id = ${(_b = pickleStep.astNodeIds) === null || _b === void 0 ? void 0 : _b[0]}`);\n        const argument = ((_c = pickleStep.argument) === null || _c === void 0 ? void 0 : _c.dataTable)\n            ? new data_table_1.default(pickleStep.argument.dataTable)\n            : ((_e = (_d = pickleStep.argument) === null || _d === void 0 ? void 0 : _d.docString) === null || _e === void 0 ? void 0 : _e.content)\n                ? pickleStep.argument.docString.content\n                : undefined;\n        cy.then(() => {\n            window.testState.pickleStep = step.pickleStep;\n            const start = (0, messages_1.createTimestamp)();\n            internalProperties.currentStep = { pickleStep };\n            internalProperties.currentStepStartedAt = start;\n            taskTestStepStarted(context, {\n                testStepId,\n                testCaseStartedId,\n                timestamp: start,\n            });\n            return cy.wrap(start, { log: false });\n        })\n            .then((start) => {\n            const beforeStepHooks = registry.resolveBeforeStepHooks(tags);\n            const afterStepHooks = registry.resolveAfterStepHooks(tags);\n            const options = {\n                pickle,\n                pickleStep,\n                gherkinDocument,\n                testCaseStartedId,\n                testStepId,\n            };\n            const beforeHooksChain = beforeStepHooks.reduce((chain, beforeStepHook) => {\n                return chain.then(() => (0, cypress_1.runStepWithLogGroup)({\n                    keyword: \"BeforeStep\",\n                    text: createStepDescription(beforeStepHook),\n                    fn: dryRun\n                        ? noopFn\n                        : () => registry.runStepHook(this, beforeStepHook, options),\n                }));\n            }, cy.wrap({}, { log: false }));\n            return beforeHooksChain.then(() => {\n                try {\n                    return (0, cypress_1.runStepWithLogGroup)({\n                        keyword: (0, assertions_1.assertAndReturn)(\"keyword\" in scenarioStep && scenarioStep.keyword, \"Expected to find a keyword in the scenario step\"),\n                        argument,\n                        text,\n                        fn: () => registry.runStepDefininition(this, text, dryRun, argument),\n                    }).then((result) => {\n                        return afterStepHooks\n                            .reduce((chain, afterStepHook) => {\n                            return chain.then(() => (0, cypress_1.runStepWithLogGroup)({\n                                keyword: \"AfterStep\",\n                                text: createStepDescription(afterStepHook),\n                                fn: dryRun\n                                    ? noopFn\n                                    : () => registry.runStepHook(this, afterStepHook, options),\n                            }));\n                        }, cy.wrap({}, { log: false }))\n                            .then(() => {\n                            return { start, result };\n                        });\n                    });\n                }\n                catch (e) {\n                    if (e instanceof registry_1.MissingDefinitionError) {\n                        throw new Error(createMissingStepDefinitionMessage(context, pickleStep, context.registry.parameterTypeRegistry));\n                    }\n                    else {\n                        throw e;\n                    }\n                }\n            });\n        })\n            .then(({ start, result }) => onAfterStep({ start, result, testStepId }));\n    }\n}",
              "err": {},
              "uuid": "d964677c-4901-4689-b87d-b22bb3315e75",
              "parentUUID": "aa57561d-368b-495c-8d24-a089c14d5fdc",
              "isHook": false,
              "skipped": true
            }
          ],
          "suites": [],
          "passes": [],
          "failures": [
            "3abbbcfa-0fb2-4961-a982-fcef6910d049"
          ],
          "pending": [],
          "skipped": [
            "d964677c-4901-4689-b87d-b22bb3315e75"
          ],
          "duration": 422,
          "root": false,
          "rootEmpty": false,
          "_timeout": 2000
        }
      ],
      "passes": [],
      "failures": [],
      "pending": [],
      "skipped": [],
      "duration": 0,
      "root": true,
      "rootEmpty": true,
      "_timeout": 2000
    }
  ],
  "meta": {
    "mocha": {
      "version": "7.0.1"
    },
    "mochawesome": {
      "options": {
        "quiet": false,
        "reportFilename": "mochawesome",
        "saveHtml": false,
        "saveJson": true,
        "consoleReporter": "spec",
        "useInlineDiffs": false,
        "code": true
      },
      "version": "7.1.3"
    },
    "marge": {
      "options": {
        "overwrite": false,
        "html": false,
        "json": true,
        "reportDir": "cypress\\reports\\html\\.jsons"
      },
      "version": "6.2.0"
    }
  }
}